   11.7173 MB /   1.00 sec =   98.2854 Mbps   441 / 24438 ~drop/pkt  1.80 ~%loss
   10.6489 MB /   1.00 sec =   89.3302 Mbps  2605 / 24414 ~drop/pkt 10.67 ~%loss
   11.5850 MB /   1.00 sec =   97.1787 Mbps   660 / 24386 ~drop/pkt  2.71 ~%loss
   11.7705 MB /   1.00 sec =   98.7415 Mbps   336 / 24442 ~drop/pkt  1.37 ~%loss
   11.7925 MB /   1.00 sec =   98.9210 Mbps   263 / 24414 ~drop/pkt  1.08 ~%loss
   11.8599 MB /   1.00 sec =   99.4904 Mbps   125 / 24414 ~drop/pkt  0.51 ~%loss
   11.2773 MB /   1.00 sec =   94.6014 Mbps  1292 / 24388 ~drop/pkt  5.30 ~%loss
   10.5850 MB /   1.00 sec =   88.7858 Mbps  2762 / 24440 ~drop/pkt 11.30 ~%loss
   11.9209 MB /   1.00 sec =  100.0084 Mbps     0 / 24414 ~drop/pkt  0.00 ~%loss
   11.9209 MB /   1.00 sec =   99.9953 Mbps     0 / 24414 ~drop/pkt  0.00 ~%loss
   11.8970 MB /   1.00 sec =   99.7975 Mbps    50 / 24415 ~drop/pkt  0.20 ~%loss
   11.9048 MB /   1.00 sec =   99.8659 Mbps    21 / 24402 ~drop/pkt 0.08606 ~%loss
   11.9043 MB /   1.00 sec =   99.8628 Mbps    46 / 24426 ~drop/pkt  0.19 ~%loss
   11.8687 MB /   1.00 sec =   99.5577 Mbps   107 / 24414 ~drop/pkt  0.44 ~%loss
   11.7578 MB /   1.00 sec =   98.6349 Mbps   334 / 24414 ~drop/pkt  1.37 ~%loss
   11.9062 MB /   1.00 sec =   99.8771 Mbps    30 / 24414 ~drop/pkt  0.12 ~%loss
   11.9209 MB /   1.00 sec =   99.9982 Mbps     0 / 24414 ~drop/pkt  0.00 ~%loss
   11.9209 MB /   1.00 sec =   99.9974 Mbps     0 / 24414 ~drop/pkt  0.00 ~%loss
   11.9209 MB /   1.00 sec =  100.0008 Mbps     0 / 24414 ~drop/pkt  0.00 ~%loss
   11.6138 MB /   1.00 sec =   97.4258 Mbps   589 / 24374 ~drop/pkt  2.42 ~%loss
   11.9175 MB /   1.00 sec =   99.9712 Mbps    47 / 24454 ~drop/pkt  0.19 ~%loss
   11.5396 MB /   1.00 sec =   96.7990 Mbps   781 / 24414 ~drop/pkt  3.20 ~%loss
   11.0430 MB /   1.00 sec =   92.6350 Mbps  1796 / 24412 ~drop/pkt  7.36 ~%loss
   11.8926 MB /   1.00 sec =   99.7606 Mbps    61 / 24417 ~drop/pkt  0.25 ~%loss
   11.8403 MB /   1.00 sec =   99.3280 Mbps   164 / 24413 ~drop/pkt  0.67 ~%loss
   11.8989 MB /   1.00 sec =   99.8132 Mbps    45 / 24414 ~drop/pkt  0.18 ~%loss
   11.9209 MB /   1.00 sec =  100.0016 Mbps     0 / 24414 ~drop/pkt  0.00 ~%loss
   11.9209 MB /   1.00 sec =  100.0021 Mbps     0 / 24414 ~drop/pkt  0.00 ~%loss
   11.8350 MB /   1.00 sec =   99.2770 Mbps   177 / 24415 ~drop/pkt  0.72 ~%loss
   11.9175 MB /   1.00 sec =   99.9713 Mbps     7 / 24414 ~drop/pkt 0.02867 ~%loss
   11.9209 MB /   1.00 sec =   99.9972 Mbps     0 / 24414 ~drop/pkt  0.00 ~%loss
   11.9155 MB /   1.00 sec =   99.9573 Mbps    11 / 24414 ~drop/pkt 0.04506 ~%loss
   11.9194 MB /   1.00 sec =   99.9856 Mbps     0 / 24411 ~drop/pkt  0.00 ~%loss
   11.8755 MB /   1.00 sec =   99.6173 Mbps    96 / 24417 ~drop/pkt  0.39 ~%loss
   11.8960 MB /   1.00 sec =   99.7650 Mbps    19 / 24382 ~drop/pkt 0.07793 ~%loss
   11.9365 MB /   1.00 sec =  100.1608 Mbps     0 / 24446 ~drop/pkt  0.00 ~%loss
   11.8643 MB /   1.00 sec =   99.5251 Mbps   116 / 24414 ~drop/pkt  0.48 ~%loss
   11.8682 MB /   1.00 sec =   99.5563 Mbps   108 / 24414 ~drop/pkt  0.44 ~%loss
   11.9209 MB /   1.00 sec =   99.9991 Mbps     0 / 24414 ~drop/pkt  0.00 ~%loss
   11.8896 MB /   1.00 sec =   99.7380 Mbps    55 / 24405 ~drop/pkt  0.23 ~%loss
   11.7065 MB /   1.00 sec =   98.2009 Mbps   449 / 24424 ~drop/pkt  1.84 ~%loss
   11.7520 MB /   1.00 sec =   98.5662 Mbps   346 / 24414 ~drop/pkt  1.42 ~%loss
   11.9209 MB /   1.00 sec =  100.0171 Mbps     0 / 24414 ~drop/pkt  0.00 ~%loss
   11.8711 MB /   1.00 sec =   99.5774 Mbps   102 / 24414 ~drop/pkt  0.42 ~%loss
   11.9209 MB /   1.00 sec =   99.9992 Mbps     0 / 24414 ~drop/pkt  0.00 ~%loss
   11.9209 MB /   1.00 sec =   99.9990 Mbps     0 / 24414 ~drop/pkt  0.00 ~%loss
   11.8916 MB /   1.00 sec =   99.7593 Mbps    60 / 24414 ~drop/pkt  0.25 ~%loss
   11.7729 MB /   1.00 sec =   98.7566 Mbps   303 / 24414 ~drop/pkt  1.24 ~%loss
   11.8906 MB /   1.00 sec =   99.7452 Mbps    62 / 24414 ~drop/pkt  0.25 ~%loss
   11.9209 MB /   1.00 sec =  100.0039 Mbps     0 / 24414 ~drop/pkt  0.00 ~%loss
   11.9155 MB /   1.00 sec =   99.9526 Mbps    11 / 24414 ~drop/pkt 0.04506 ~%loss
   11.8970 MB /   1.00 sec =   99.8005 Mbps    49 / 24414 ~drop/pkt  0.20 ~%loss
   11.9082 MB /   1.00 sec =   99.8936 Mbps    26 / 24414 ~drop/pkt  0.11 ~%loss
   11.9214 MB /   1.00 sec =  100.0029 Mbps     0 / 24415 ~drop/pkt  0.00 ~%loss
   11.9204 MB /   1.00 sec =   99.9935 Mbps     0 / 24413 ~drop/pkt  0.00 ~%loss
   11.8340 MB /   1.00 sec =   99.2742 Mbps   178 / 24414 ~drop/pkt  0.73 ~%loss
   11.9033 MB /   1.00 sec =   99.8448 Mbps    33 / 24411 ~drop/pkt  0.14 ~%loss
   11.9111 MB /   1.00 sec =   99.9233 Mbps    24 / 24418 ~drop/pkt 0.09829 ~%loss
   11.9209 MB /   1.00 sec =   99.9996 Mbps     0 / 24414 ~drop/pkt  0.00 ~%loss

  707.9966 MB /  60.00 sec =   98.9865 Mbps 88 %TX 11 %RX 14868 / 1464845 drop/pkt 1.01 %loss
