   10.5791 MB /   1.00 sec =   88.7388 Mbps  5437 / 48769 ~drop/pkt 11.15 ~%loss
   10.7412 MB /   1.00 sec =   90.1035 Mbps  4838 / 48834 ~drop/pkt  9.91 ~%loss
   10.5508 MB /   1.00 sec =   88.5017 Mbps  5690 / 48906 ~drop/pkt 11.63 ~%loss
   11.8982 MB /   1.00 sec =   99.8146 Mbps    94 / 48829 ~drop/pkt  0.19 ~%loss
   11.9207 MB /   1.00 sec =   99.9924 Mbps     0 / 48827 ~drop/pkt  0.00 ~%loss
   11.8704 MB /   1.00 sec =   99.5777 Mbps   207 / 48828 ~drop/pkt  0.42 ~%loss
   10.9585 MB /   1.00 sec =   91.9251 Mbps  3879 / 48765 ~drop/pkt  7.95 ~%loss
   10.2261 MB /   1.00 sec =   85.7686 Mbps  6917 / 48803 ~drop/pkt 14.17 ~%loss
   10.4485 MB /   1.00 sec =   87.6414 Mbps  6008 / 48805 ~drop/pkt 12.31 ~%loss
   11.1099 MB /   1.00 sec =   93.2207 Mbps  3378 / 48884 ~drop/pkt  6.91 ~%loss
   10.1892 MB /   1.00 sec =   85.4753 Mbps  7054 / 48789 ~drop/pkt 14.46 ~%loss
   10.4773 MB /   1.00 sec =   87.8902 Mbps  5934 / 48849 ~drop/pkt 12.15 ~%loss
    9.3877 MB /   1.00 sec =   78.7502 Mbps 10384 / 48836 ~drop/pkt 21.26 ~%loss
   10.7390 MB /   1.00 sec =   90.0839 Mbps  4908 / 48895 ~drop/pkt 10.04 ~%loss
   11.0442 MB /   1.00 sec =   92.6470 Mbps  3592 / 48829 ~drop/pkt  7.36 ~%loss
   11.5142 MB /   1.00 sec =   96.5772 Mbps  1592 / 48754 ~drop/pkt  3.27 ~%loss
   10.5269 MB /   1.00 sec =   88.3157 Mbps  5746 / 48864 ~drop/pkt 11.76 ~%loss
   11.6462 MB /   1.00 sec =   97.6915 Mbps  1097 / 48800 ~drop/pkt  2.25 ~%loss
   11.3762 MB /   1.00 sec =   95.4345 Mbps  2294 / 48891 ~drop/pkt  4.69 ~%loss
   11.1489 MB /   1.00 sec =   93.5212 Mbps  3145 / 48811 ~drop/pkt  6.44 ~%loss
   10.9155 MB /   1.00 sec =   91.5625 Mbps  4064 / 48774 ~drop/pkt  8.33 ~%loss
   10.1587 MB /   1.00 sec =   85.2221 Mbps  7193 / 48803 ~drop/pkt 14.74 ~%loss
   10.7273 MB /   1.00 sec =   89.9879 Mbps  4989 / 48928 ~drop/pkt 10.20 ~%loss
   10.0813 MB /   1.00 sec =   84.5687 Mbps  7535 / 48828 ~drop/pkt 15.43 ~%loss
   11.1953 MB /   1.00 sec =   93.9060 Mbps  2899 / 48755 ~drop/pkt  5.95 ~%loss
   11.2754 MB /   1.00 sec =   94.5909 Mbps  2649 / 48833 ~drop/pkt  5.42 ~%loss
   11.0535 MB /   1.00 sec =   92.7257 Mbps  3550 / 48825 ~drop/pkt  7.27 ~%loss
   10.5107 MB /   1.00 sec =   88.1651 Mbps  5783 / 48835 ~drop/pkt 11.84 ~%loss
   10.1895 MB /   1.00 sec =   85.4775 Mbps  7083 / 48819 ~drop/pkt 14.51 ~%loss
    9.8730 MB /   1.00 sec =   82.8216 Mbps  8391 / 48831 ~drop/pkt 17.18 ~%loss
   11.4143 MB /   1.00 sec =   95.7507 Mbps  2144 / 48897 ~drop/pkt  4.38 ~%loss
   10.8699 MB /   1.00 sec =   91.1778 Mbps  4232 / 48755 ~drop/pkt  8.68 ~%loss
   10.9561 MB /   1.00 sec =   91.9103 Mbps  4027 / 48903 ~drop/pkt  8.23 ~%loss
   11.2764 MB /   1.00 sec =   94.5841 Mbps  2601 / 48789 ~drop/pkt  5.33 ~%loss
   11.1011 MB /   1.00 sec =   93.1297 Mbps  3397 / 48867 ~drop/pkt  6.95 ~%loss
   11.8782 MB /   1.00 sec =   99.6459 Mbps   176 / 48829 ~drop/pkt  0.36 ~%loss
   10.3945 MB /   1.00 sec =   87.1909 Mbps  6252 / 48828 ~drop/pkt 12.80 ~%loss
   10.5625 MB /   1.00 sec =   88.6072 Mbps  5497 / 48761 ~drop/pkt 11.27 ~%loss
   10.9746 MB /   1.00 sec =   92.0636 Mbps  3943 / 48895 ~drop/pkt  8.06 ~%loss
   10.7861 MB /   1.00 sec =   90.4806 Mbps  4597 / 48777 ~drop/pkt  9.42 ~%loss
   10.5801 MB /   1.00 sec =   88.7468 Mbps  5424 / 48760 ~drop/pkt 11.12 ~%loss
   10.0571 MB /   1.00 sec =   84.3705 Mbps  7752 / 48946 ~drop/pkt 15.84 ~%loss
   11.2063 MB /   1.00 sec =   94.0033 Mbps  2928 / 48829 ~drop/pkt  6.00 ~%loss
   11.8608 MB /   1.00 sec =   99.4970 Mbps   246 / 48828 ~drop/pkt  0.50 ~%loss
   11.5432 MB /   1.00 sec =   96.8325 Mbps  1545 / 48826 ~drop/pkt  3.16 ~%loss
   11.0420 MB /   1.00 sec =   92.6271 Mbps  3603 / 48831 ~drop/pkt  7.38 ~%loss
   11.8621 MB /   1.00 sec =   99.4989 Mbps   178 / 48765 ~drop/pkt  0.37 ~%loss
   11.9355 MB /   1.00 sec =  100.1271 Mbps     2 / 48890 ~drop/pkt 0.00409 ~%loss
   11.4954 MB /   1.00 sec =   96.4252 Mbps  1675 / 48760 ~drop/pkt  3.44 ~%loss
   10.5239 MB /   1.00 sec =   88.2844 Mbps  5693 / 48799 ~drop/pkt 11.67 ~%loss
   11.0813 MB /   1.00 sec =   92.9578 Mbps  3447 / 48836 ~drop/pkt  7.06 ~%loss
   11.0525 MB /   1.00 sec =   92.7169 Mbps  3649 / 48920 ~drop/pkt  7.46 ~%loss
   11.2407 MB /   1.00 sec =   94.2835 Mbps  2703 / 48745 ~drop/pkt  5.55 ~%loss
   10.9985 MB /   1.00 sec =   92.2647 Mbps  3770 / 48820 ~drop/pkt  7.72 ~%loss
   10.5090 MB /   1.00 sec =   88.1644 Mbps  5872 / 48917 ~drop/pkt 12.00 ~%loss
   11.2949 MB /   1.00 sec =   94.7470 Mbps  2494 / 48758 ~drop/pkt  5.12 ~%loss
   11.3098 MB /   1.00 sec =   94.8691 Mbps  2574 / 48899 ~drop/pkt  5.26 ~%loss
   10.5095 MB /   1.00 sec =   88.1653 Mbps  5780 / 48827 ~drop/pkt 11.84 ~%loss
   10.6948 MB /   1.00 sec =   89.7116 Mbps  5008 / 48814 ~drop/pkt 10.26 ~%loss
   10.4373 MB /   1.00 sec =   87.5548 Mbps  6025 / 48776 ~drop/pkt 12.35 ~%loss

  655.7910 MB /  60.00 sec =   91.6850 Mbps 86 %TX 9 %RX 243568 / 2929688 drop/pkt 8.31 %loss
