   11.9258 MB /   1.00 sec =  100.0262 Mbps     0 / 12212 ~drop/pkt  0.00 ~%loss
   11.9111 MB /   1.00 sec =   99.9217 Mbps     9 / 12206 ~drop/pkt 0.07373 ~%loss
   11.9209 MB /   1.00 sec =  100.0005 Mbps     0 / 12207 ~drop/pkt  0.00 ~%loss
   11.9209 MB /   1.00 sec =   99.9991 Mbps     0 / 12207 ~drop/pkt  0.00 ~%loss
   11.9209 MB /   1.00 sec =  100.0006 Mbps     0 / 12207 ~drop/pkt  0.00 ~%loss
   11.9219 MB /   1.00 sec =  100.0053 Mbps     0 / 12208 ~drop/pkt  0.00 ~%loss
   11.8516 MB /   1.00 sec =   99.4130 Mbps    66 / 12202 ~drop/pkt  0.54 ~%loss
   11.9258 MB /   1.00 sec =  100.0446 Mbps     0 / 12212 ~drop/pkt  0.00 ~%loss
   11.9209 MB /   1.00 sec =  100.0011 Mbps     0 / 12207 ~drop/pkt  0.00 ~%loss
   11.9209 MB /   1.00 sec =  100.0010 Mbps     0 / 12207 ~drop/pkt  0.00 ~%loss
   11.9209 MB /   1.00 sec =   99.9990 Mbps     0 / 12207 ~drop/pkt  0.00 ~%loss
   11.9209 MB /   1.00 sec =   99.9989 Mbps     0 / 12207 ~drop/pkt  0.00 ~%loss
   11.9209 MB /   1.00 sec =   99.9954 Mbps     0 / 12207 ~drop/pkt  0.00 ~%loss
   11.9219 MB /   1.00 sec =   99.9950 Mbps     0 / 12208 ~drop/pkt  0.00 ~%loss
   11.9199 MB /   1.00 sec =  100.0089 Mbps     0 / 12206 ~drop/pkt  0.00 ~%loss
   11.9209 MB /   1.00 sec =  100.0001 Mbps     0 / 12207 ~drop/pkt  0.00 ~%loss
   11.9209 MB /   1.00 sec =  100.0011 Mbps     0 / 12207 ~drop/pkt  0.00 ~%loss
   11.9209 MB /   1.00 sec =   99.9996 Mbps     0 / 12207 ~drop/pkt  0.00 ~%loss
   11.9209 MB /   1.00 sec =   99.9999 Mbps     0 / 12207 ~drop/pkt  0.00 ~%loss
   11.9209 MB /   1.00 sec =   99.9990 Mbps     0 / 12207 ~drop/pkt  0.00 ~%loss
   11.9209 MB /   1.00 sec =  100.0003 Mbps     0 / 12207 ~drop/pkt  0.00 ~%loss
   11.9150 MB /   1.00 sec =   99.9495 Mbps     0 / 12201 ~drop/pkt  0.00 ~%loss
   11.8926 MB /   1.00 sec =   99.7626 Mbps    35 / 12213 ~drop/pkt  0.29 ~%loss
   11.9209 MB /   1.00 sec =  100.0002 Mbps     0 / 12207 ~drop/pkt  0.00 ~%loss
   11.9209 MB /   1.00 sec =   99.9946 Mbps     0 / 12207 ~drop/pkt  0.00 ~%loss
   11.9209 MB /   1.00 sec =  100.0026 Mbps     0 / 12207 ~drop/pkt  0.00 ~%loss
   11.9209 MB /   1.00 sec =  100.0013 Mbps     0 / 12207 ~drop/pkt  0.00 ~%loss
   11.9209 MB /   1.00 sec =   99.9991 Mbps     0 / 12207 ~drop/pkt  0.00 ~%loss
   11.9189 MB /   1.00 sec =   99.9857 Mbps     0 / 12205 ~drop/pkt  0.00 ~%loss
   11.9229 MB /   1.00 sec =  100.0148 Mbps     0 / 12209 ~drop/pkt  0.00 ~%loss
   11.9219 MB /   1.00 sec =  100.0043 Mbps     0 / 12208 ~drop/pkt  0.00 ~%loss
   11.9199 MB /   1.00 sec =   99.9950 Mbps     0 / 12206 ~drop/pkt  0.00 ~%loss
   11.9219 MB /   1.00 sec =  100.0048 Mbps     0 / 12208 ~drop/pkt  0.00 ~%loss
   11.9209 MB /   1.00 sec =   99.9991 Mbps     0 / 12207 ~drop/pkt  0.00 ~%loss
   11.9209 MB /   1.00 sec =  100.0010 Mbps     0 / 12207 ~drop/pkt  0.00 ~%loss
   11.9199 MB /   1.00 sec =   99.9954 Mbps     0 / 12206 ~drop/pkt  0.00 ~%loss
   11.9219 MB /   1.00 sec =  100.0024 Mbps     0 / 12208 ~drop/pkt  0.00 ~%loss
   11.9209 MB /   1.00 sec =  100.0000 Mbps     0 / 12207 ~drop/pkt  0.00 ~%loss
   11.9209 MB /   1.00 sec =  100.0027 Mbps     0 / 12207 ~drop/pkt  0.00 ~%loss
   11.9209 MB /   1.00 sec =   99.9984 Mbps     0 / 12207 ~drop/pkt  0.00 ~%loss
   11.9209 MB /   1.00 sec =  100.0012 Mbps     0 / 12207 ~drop/pkt  0.00 ~%loss
   11.9199 MB /   1.00 sec =   99.9927 Mbps     0 / 12206 ~drop/pkt  0.00 ~%loss
   11.9219 MB /   1.00 sec =  100.0075 Mbps     0 / 12208 ~drop/pkt  0.00 ~%loss
   11.9199 MB /   1.00 sec =   99.9916 Mbps     0 / 12206 ~drop/pkt  0.00 ~%loss
   11.9219 MB /   1.00 sec =  100.0085 Mbps     0 / 12208 ~drop/pkt  0.00 ~%loss
   11.9209 MB /   1.00 sec =   99.9993 Mbps     0 / 12207 ~drop/pkt  0.00 ~%loss
   11.9209 MB /   1.00 sec =  100.0005 Mbps     0 / 12207 ~drop/pkt  0.00 ~%loss
   11.9209 MB /   1.00 sec =   99.9994 Mbps     0 / 12207 ~drop/pkt  0.00 ~%loss
   11.9209 MB /   1.00 sec =   99.9988 Mbps     0 / 12207 ~drop/pkt  0.00 ~%loss
   11.9199 MB /   1.00 sec =   99.9920 Mbps     0 / 12206 ~drop/pkt  0.00 ~%loss
   11.9219 MB /   1.00 sec =  100.0080 Mbps     0 / 12208 ~drop/pkt  0.00 ~%loss
   11.9209 MB /   1.00 sec =   99.9962 Mbps     0 / 12207 ~drop/pkt  0.00 ~%loss
   11.9209 MB /   1.00 sec =  100.0003 Mbps     0 / 12207 ~drop/pkt  0.00 ~%loss
   11.9209 MB /   1.00 sec =  100.0018 Mbps     0 / 12207 ~drop/pkt  0.00 ~%loss
   11.9209 MB /   1.00 sec =   99.9995 Mbps     0 / 12207 ~drop/pkt  0.00 ~%loss
   11.9209 MB /   1.00 sec =  100.0008 Mbps     0 / 12207 ~drop/pkt  0.00 ~%loss
   11.9209 MB /   1.00 sec =   99.9997 Mbps     0 / 12207 ~drop/pkt  0.00 ~%loss
   11.9209 MB /   1.00 sec =  100.0007 Mbps     0 / 12207 ~drop/pkt  0.00 ~%loss
   11.9209 MB /   1.00 sec =   99.9986 Mbps     0 / 12207 ~drop/pkt  0.00 ~%loss

  715.1094 MB /  60.00 sec =   99.9799 Mbps 89 %TX 5 %RX 150 / 732422 drop/pkt 0.02048 %loss
