    3.2579 MB /   1.00 sec =   27.3275 Mbps   855 / 107609 ~drop/pkt  0.79 ~%loss
    2.8643 MB /   1.00 sec =   24.0265 Mbps  1897 / 95754 ~drop/pkt  1.98 ~%loss
    3.1307 MB /   1.00 sec =   26.2628 Mbps  4442 / 107030 ~drop/pkt  4.15 ~%loss
    3.3171 MB /   1.00 sec =   27.8265 Mbps  2489 / 111185 ~drop/pkt  2.24 ~%loss
    3.0045 MB /   1.00 sec =   25.2041 Mbps  4842 / 103292 ~drop/pkt  4.69 ~%loss
    3.3479 MB /   1.00 sec =   28.0837 Mbps  3883 / 113587 ~drop/pkt  3.42 ~%loss
    3.0753 MB /   1.00 sec =   25.7946 Mbps  7122 / 107892 ~drop/pkt  6.60 ~%loss
    2.8592 MB /   1.00 sec =   23.9807 Mbps  3217 / 96908 ~drop/pkt  3.32 ~%loss
    2.9099 MB /   1.00 sec =   24.4014 Mbps  2312 / 97664 ~drop/pkt  2.37 ~%loss
    3.1465 MB /   1.00 sec =   26.4113 Mbps  2135 / 105240 ~drop/pkt  2.03 ~%loss
    3.1830 MB /   1.00 sec =   26.7008 Mbps  3759 / 108061 ~drop/pkt  3.48 ~%loss
    3.1409 MB /   1.00 sec =   26.3474 Mbps  4350 / 107270 ~drop/pkt  4.06 ~%loss
    3.2400 MB /   1.00 sec =   27.1803 Mbps 10160 / 116328 ~drop/pkt  8.73 ~%loss
    2.8779 MB /   1.00 sec =   24.1407 Mbps 18107 / 112409 ~drop/pkt 16.11 ~%loss
    3.1901 MB /   1.00 sec =   26.7605 Mbps  1031 / 105563 ~drop/pkt  0.98 ~%loss
    2.8723 MB /   1.00 sec =   24.0948 Mbps 18399 / 112520 ~drop/pkt 16.35 ~%loss
    3.0422 MB /   1.00 sec =   25.5203 Mbps  2200 / 101886 ~drop/pkt  2.16 ~%loss
    3.2040 MB /   1.00 sec =   26.8764 Mbps  6029 / 111019 ~drop/pkt  5.43 ~%loss
    2.9299 MB /   1.00 sec =   24.5785 Mbps  1038 / 97045 ~drop/pkt  1.07 ~%loss
    3.2025 MB /   1.00 sec =   26.8648 Mbps  9135 / 114075 ~drop/pkt  8.01 ~%loss
    3.2149 MB /   1.00 sec =   26.9682 Mbps  5926 / 111273 ~drop/pkt  5.33 ~%loss
    3.1818 MB /   1.00 sec =   26.6914 Mbps 11464 / 115726 ~drop/pkt  9.91 ~%loss
    3.3305 MB /   1.00 sec =   27.9381 Mbps 10971 / 120105 ~drop/pkt  9.13 ~%loss
    3.0688 MB /   1.00 sec =   25.7427 Mbps 22895 / 123452 ~drop/pkt 18.55 ~%loss
    3.4564 MB /   1.00 sec =   28.9943 Mbps 16150 / 129409 ~drop/pkt 12.48 ~%loss
    3.5092 MB /   1.00 sec =   29.4364 Mbps 10554 / 125542 ~drop/pkt  8.41 ~%loss
    3.3672 MB /   1.00 sec =   28.2460 Mbps 12592 / 122927 ~drop/pkt 10.24 ~%loss
    3.2823 MB /   1.00 sec =   27.5257 Mbps  5681 / 113235 ~drop/pkt  5.02 ~%loss
    3.3744 MB /   1.00 sec =   28.3152 Mbps  3270 / 113842 ~drop/pkt  2.87 ~%loss
    3.1406 MB /   1.00 sec =   26.3458 Mbps  7185 / 110097 ~drop/pkt  6.53 ~%loss
    3.0609 MB /   1.00 sec =   25.6757 Mbps  9728 / 110027 ~drop/pkt  8.84 ~%loss
    3.6039 MB /   1.00 sec =   30.2326 Mbps  7342 / 125433 ~drop/pkt  5.85 ~%loss
    3.1077 MB /   1.00 sec =   26.0670 Mbps 11465 / 113298 ~drop/pkt 10.12 ~%loss
    3.4508 MB /   1.00 sec =   28.9488 Mbps 12126 / 125201 ~drop/pkt  9.69 ~%loss
    2.8359 MB /   1.00 sec =   23.7894 Mbps 22395 / 115321 ~drop/pkt 19.42 ~%loss
    3.4290 MB /   1.00 sec =   28.7628 Mbps 15815 / 128177 ~drop/pkt 12.34 ~%loss
    3.2996 MB /   1.00 sec =   27.6806 Mbps 11149 / 119271 ~drop/pkt  9.35 ~%loss
    3.3622 MB /   1.00 sec =   28.2046 Mbps  4797 / 114969 ~drop/pkt  4.17 ~%loss
    3.4041 MB /   1.00 sec =   28.5562 Mbps  3263 / 114810 ~drop/pkt  2.84 ~%loss
    3.4995 MB /   1.00 sec =   29.3562 Mbps  6100 / 120771 ~drop/pkt  5.05 ~%loss
    3.0758 MB /   1.00 sec =   25.8007 Mbps  3939 / 104728 ~drop/pkt  3.76 ~%loss
    3.4170 MB /   1.00 sec =   28.6636 Mbps  4784 / 116751 ~drop/pkt  4.10 ~%loss
    3.2166 MB /   1.00 sec =   26.9834 Mbps  2298 / 107698 ~drop/pkt  2.13 ~%loss
    3.3331 MB /   1.00 sec =   27.9600 Mbps  8549 / 117768 ~drop/pkt  7.26 ~%loss
    3.2970 MB /   1.00 sec =   27.6554 Mbps  6032 / 114067 ~drop/pkt  5.29 ~%loss
    3.2411 MB /   1.00 sec =   27.1895 Mbps 17545 / 123748 ~drop/pkt 14.18 ~%loss
    3.6157 MB /   1.00 sec =   30.3280 Mbps 11507 / 129986 ~drop/pkt  8.85 ~%loss
    3.6981 MB /   1.00 sec =   31.0240 Mbps  6036 / 127216 ~drop/pkt  4.74 ~%loss
    3.5374 MB /   1.00 sec =   29.6739 Mbps  5356 / 121270 ~drop/pkt  4.42 ~%loss
    3.4662 MB /   1.00 sec =   29.0772 Mbps  7359 / 120940 ~drop/pkt  6.08 ~%loss
    3.5263 MB /   1.00 sec =   29.5766 Mbps  6956 / 122505 ~drop/pkt  5.68 ~%loss
    3.1826 MB /   1.00 sec =   26.7017 Mbps  5066 / 109355 ~drop/pkt  4.63 ~%loss
    3.0181 MB /   1.00 sec =   25.3154 Mbps 10662 / 109559 ~drop/pkt  9.73 ~%loss
    3.3965 MB /   1.00 sec =   28.4942 Mbps  6823 / 118121 ~drop/pkt  5.78 ~%loss
    3.4505 MB /   1.00 sec =   28.9450 Mbps  2413 / 115478 ~drop/pkt  2.09 ~%loss
    3.3011 MB /   1.00 sec =   27.6909 Mbps   931 / 109102 ~drop/pkt  0.85 ~%loss
    3.1845 MB /   1.00 sec =   26.7086 Mbps  2959 / 107309 ~drop/pkt  2.76 ~%loss
    2.0258 MB /   1.00 sec =   16.9977 Mbps 26632 / 93014 ~drop/pkt 28.63 ~%loss
    1.7756 MB /   1.00 sec =   14.8947 Mbps 43758 / 101940 ~drop/pkt 42.93 ~%loss
    1.8242 MB /   1.00 sec =   15.3012 Mbps 56041 / 115817 ~drop/pkt 48.39 ~%loss

  190.3717 MB /  60.01 sec =   26.6129 Mbps 43 %TX 9 %RX 554290 / 6792390 drop/pkt 8.16 %loss
